<?xml version="1.0" encoding="UTF-8"?>
<testng-results skipped="0" failed="1" ignored="4" total="6" passed="1">
  <reporter-output>
    <line>
      <![CDATA[Test Case Started:Test]]>
    </line>
    <line>
      <![CDATA[Test Started:testImplicitLoginLogout]]>
    </line>
    <line>
      <![CDATA[Test Started:testExplicitLoginLogout]]>
    </line>
  </reporter-output>
  <suite name="Suite" duration-ms="66882" started-at="2018-05-25T20:24:35Z" finished-at="2018-05-25T20:25:41Z">
    <groups>
    </groups>
    <test name="Test" duration-ms="66882" started-at="2018-05-25T20:24:35Z" finished-at="2018-05-25T20:25:41Z">
      <class name="com.fcrm.scripts.VerifyExplicitLoginLogout">
        <test-method status="PASS" signature="initApp(java.lang.String)[pri:0, instance:com.fcrm.scripts.VerifyExplicitLoginLogout@35d176f7]" name="initApp" is-config="true" duration-ms="10267" started-at="2018-05-26T01:54:49Z" finished-at="2018-05-26T01:54:59Z">
          <params>
            <param index="0">
              <value>
                <![CDATA[Chrome]]>
              </value>
            </param>
          </params>
          <reporter-output>
          </reporter-output>
        </test-method> <!-- initApp -->
        <test-method status="PASS" signature="preCondition(java.lang.reflect.Method)[pri:0, instance:com.fcrm.scripts.VerifyExplicitLoginLogout@35d176f7]" name="preCondition" is-config="true" duration-ms="8748" started-at="2018-05-26T01:54:59Z" finished-at="2018-05-26T01:55:08Z">
          <params>
            <param index="0">
              <value>
                <![CDATA[public void com.fcrm.scripts.VerifyExplicitLoginLogout.testExplicitLoginLogout()]]>
              </value>
            </param>
          </params>
          <reporter-output>
          </reporter-output>
        </test-method> <!-- preCondition -->
        <test-method status="FAIL" signature="testExplicitLoginLogout()[pri:0, instance:com.fcrm.scripts.VerifyExplicitLoginLogout@35d176f7]" name="testExplicitLoginLogout" duration-ms="30275" started-at="2018-05-26T01:55:08Z" finished-at="2018-05-26T01:55:38Z">
          <exception class="org.openqa.selenium.NoSuchElementException">
            <message>
              <![CDATA[no such element: Unable to locate element: {"method":"name","selector":"username"}
  (Session info: chrome=66.0.3359.181)
  (Driver info: chromedriver=2.36.540470 (e522d04694c7ebea4ba8821272dbef4f9b818c91),platform=Windows NT 6.1.7601 SP1 x86_64) (WARNING: The server did not provide any stacktrace information)
Command duration or timeout: 0 milliseconds
For documentation on this error, please visit: http://seleniumhq.org/exceptions/no_such_element.html
Build info: version: '3.5.3', revision: 'a88d25fe6b', time: '2017-08-29T12:42:44.417Z'
System info: host: 'ASHWIN-PC', ip: '192.168.1.4', os.name: 'Windows 7', os.arch: 'amd64', os.version: '6.1', java.version: '1.8.0_171'
Driver info: org.openqa.selenium.chrome.ChromeDriver
Capabilities [{mobileEmulationEnabled=false, hasTouchScreen=false, platform=XP, acceptSslCerts=false, acceptInsecureCerts=false, webStorageEnabled=true, browserName=chrome, takesScreenshot=true, javascriptEnabled=true, platformName=XP, setWindowRect=true, unexpectedAlertBehaviour=, applicationCacheEnabled=false, rotatable=false, networkConnectionEnabled=false, chrome={chromedriverVersion=2.36.540470 (e522d04694c7ebea4ba8821272dbef4f9b818c91), userDataDir=C:\Users\Ashwin\AppData\Local\Temp\scoped_dir4712_23023}, takesHeapSnapshot=true, pageLoadStrategy=normal, unhandledPromptBehavior=, databaseEnabled=false, handlesAlerts=true, version=66.0.3359.181, browserConnectionEnabled=false, nativeEvents=true, locationContextEnabled=true, cssSelectorsEnabled=true}]
Session ID: d762ad536aa2905f2c0b20c20731bb13
*** Element info: {Using=name, value=username}]]>
            </message>
            <full-stacktrace>
              <![CDATA[org.openqa.selenium.NoSuchElementException: no such element: Unable to locate element: {"method":"name","selector":"username"}
  (Session info: chrome=66.0.3359.181)
  (Driver info: chromedriver=2.36.540470 (e522d04694c7ebea4ba8821272dbef4f9b818c91),platform=Windows NT 6.1.7601 SP1 x86_64) (WARNING: The server did not provide any stacktrace information)
Command duration or timeout: 0 milliseconds
For documentation on this error, please visit: http://seleniumhq.org/exceptions/no_such_element.html
Build info: version: '3.5.3', revision: 'a88d25fe6b', time: '2017-08-29T12:42:44.417Z'
System info: host: 'ASHWIN-PC', ip: '192.168.1.4', os.name: 'Windows 7', os.arch: 'amd64', os.version: '6.1', java.version: '1.8.0_171'
Driver info: org.openqa.selenium.chrome.ChromeDriver
Capabilities [{mobileEmulationEnabled=false, hasTouchScreen=false, platform=XP, acceptSslCerts=false, acceptInsecureCerts=false, webStorageEnabled=true, browserName=chrome, takesScreenshot=true, javascriptEnabled=true, platformName=XP, setWindowRect=true, unexpectedAlertBehaviour=, applicationCacheEnabled=false, rotatable=false, networkConnectionEnabled=false, chrome={chromedriverVersion=2.36.540470 (e522d04694c7ebea4ba8821272dbef4f9b818c91), userDataDir=C:\Users\Ashwin\AppData\Local\Temp\scoped_dir4712_23023}, takesHeapSnapshot=true, pageLoadStrategy=normal, unhandledPromptBehavior=, databaseEnabled=false, handlesAlerts=true, version=66.0.3359.181, browserConnectionEnabled=false, nativeEvents=true, locationContextEnabled=true, cssSelectorsEnabled=true}]
Session ID: d762ad536aa2905f2c0b20c20731bb13
*** Element info: {Using=name, value=username}
	at sun.reflect.NativeConstructorAccessorImpl.newInstance0(Native Method)
	at sun.reflect.NativeConstructorAccessorImpl.newInstance(Unknown Source)
	at sun.reflect.DelegatingConstructorAccessorImpl.newInstance(Unknown Source)
	at java.lang.reflect.Constructor.newInstance(Unknown Source)
	at org.openqa.selenium.remote.ErrorHandler.createThrowable(ErrorHandler.java:215)
	at org.openqa.selenium.remote.ErrorHandler.throwIfResponseFailed(ErrorHandler.java:167)
	at org.openqa.selenium.remote.http.JsonHttpResponseCodec.reconstructValue(JsonHttpResponseCodec.java:40)
	at org.openqa.selenium.remote.http.AbstractHttpResponseCodec.decode(AbstractHttpResponseCodec.java:82)
	at org.openqa.selenium.remote.http.AbstractHttpResponseCodec.decode(AbstractHttpResponseCodec.java:45)
	at org.openqa.selenium.remote.HttpCommandExecutor.execute(HttpCommandExecutor.java:164)
	at org.openqa.selenium.remote.service.DriverCommandExecutor.execute(DriverCommandExecutor.java:82)
	at org.openqa.selenium.remote.RemoteWebDriver.execute(RemoteWebDriver.java:646)
	at org.openqa.selenium.remote.RemoteWebDriver.findElement(RemoteWebDriver.java:416)
	at org.openqa.selenium.remote.RemoteWebDriver.findElementByName(RemoteWebDriver.java:494)
	at org.openqa.selenium.By$ByName.findElement(By.java:303)
	at org.openqa.selenium.remote.RemoteWebDriver.findElement(RemoteWebDriver.java:408)
	at org.openqa.selenium.support.pagefactory.DefaultElementLocator.findElement(DefaultElementLocator.java:69)
	at org.openqa.selenium.support.pagefactory.internal.LocatingElementHandler.invoke(LocatingElementHandler.java:38)
	at com.sun.proxy.$Proxy18.sendKeys(Unknown Source)
	at com.fcrm.pages.LoginPage.verifyLogin(LoginPage.java:28)
	at com.fcrm.scripts.VerifyExplicitLoginLogout.testExplicitLoginLogout(VerifyExplicitLoginLogout.java:26)
	at sun.reflect.NativeMethodAccessorImpl.invoke0(Native Method)
	at sun.reflect.NativeMethodAccessorImpl.invoke(Unknown Source)
	at sun.reflect.DelegatingMethodAccessorImpl.invoke(Unknown Source)
	at java.lang.reflect.Method.invoke(Unknown Source)
	at org.testng.internal.MethodInvocationHelper.invokeMethod(MethodInvocationHelper.java:108)
	at org.testng.internal.Invoker.invokeMethod(Invoker.java:661)
	at org.testng.internal.Invoker.invokeTestMethod(Invoker.java:869)
	at org.testng.internal.Invoker.invokeTestMethods(Invoker.java:1193)
	at org.testng.internal.TestMethodWorker.invokeTestMethods(TestMethodWorker.java:126)
	at org.testng.internal.TestMethodWorker.run(TestMethodWorker.java:109)
	at org.testng.TestRunner.privateRun(TestRunner.java:744)
	at org.testng.TestRunner.run(TestRunner.java:602)
	at org.testng.SuiteRunner.runTest(SuiteRunner.java:380)
	at org.testng.SuiteRunner.runSequentially(SuiteRunner.java:375)
	at org.testng.SuiteRunner.privateRun(SuiteRunner.java:340)
	at org.testng.SuiteRunner.run(SuiteRunner.java:289)
	at org.testng.SuiteRunnerWorker.runSuite(SuiteRunnerWorker.java:52)
	at org.testng.SuiteRunnerWorker.run(SuiteRunnerWorker.java:86)
	at org.testng.TestNG.runSuitesSequentially(TestNG.java:1301)
	at org.testng.TestNG.runSuitesLocally(TestNG.java:1226)
	at org.testng.TestNG.runSuites(TestNG.java:1144)
	at org.testng.TestNG.run(TestNG.java:1115)
	at org.testng.remote.AbstractRemoteTestNG.run(AbstractRemoteTestNG.java:114)
	at org.testng.remote.RemoteTestNG.initAndRun(RemoteTestNG.java:251)
	at org.testng.remote.RemoteTestNG.main(RemoteTestNG.java:77)
]]>
            </full-stacktrace>
          </exception> <!-- org.openqa.selenium.NoSuchElementException -->
          <reporter-output>
            <line>
              <![CDATA[Test Started:testExplicitLoginLogout]]>
            </line>
          </reporter-output>
        </test-method> <!-- testExplicitLoginLogout -->
        <test-method status="PASS" signature="postCondition(org.testng.ITestResult)[pri:0, instance:com.fcrm.scripts.VerifyExplicitLoginLogout@35d176f7]" name="postCondition" is-config="true" duration-ms="1418" started-at="2018-05-26T01:55:39Z" finished-at="2018-05-26T01:55:41Z">
          <params>
            <param index="0">
              <value>
                <![CDATA[[TestResult name=testExplicitLoginLogout status=FAILURE method=VerifyExplicitLoginLogout.testExplicitLoginLogout()[pri:0, instance:com.fcrm.scripts.VerifyExplicitLoginLogout@35d176f7] output=Test Started:testExplicitLoginLogout]]]>
              </value>
            </param>
          </params>
          <reporter-output>
          </reporter-output>
        </test-method> <!-- postCondition -->
        <test-method status="PASS" signature="closeApp()[pri:0, instance:com.fcrm.scripts.VerifyExplicitLoginLogout@35d176f7]" name="closeApp" is-config="true" duration-ms="815" started-at="2018-05-26T01:55:41Z" finished-at="2018-05-26T01:55:41Z">
          <reporter-output>
          </reporter-output>
        </test-method> <!-- closeApp -->
      </class> <!-- com.fcrm.scripts.VerifyExplicitLoginLogout -->
      <class name="com.fcrm.scripts.VerifyImplicitLoginLogout">
        <test-method status="PASS" signature="initExtentReport()[pri:0, instance:com.fcrm.scripts.VerifyImplicitLoginLogout@551aa95a]" name="initExtentReport" is-config="true" duration-ms="547" started-at="2018-05-26T01:54:34Z" finished-at="2018-05-26T01:54:35Z">
          <reporter-output>
          </reporter-output>
        </test-method> <!-- initExtentReport -->
        <test-method status="PASS" signature="initBrowser(java.lang.String)[pri:0, instance:com.fcrm.scripts.VerifyImplicitLoginLogout@551aa95a]" name="initBrowser" is-config="true" duration-ms="0" started-at="2018-05-26T01:54:35Z" finished-at="2018-05-26T01:54:35Z">
          <params>
            <param index="0">
              <value>
                <![CDATA[Chrome]]>
              </value>
            </param>
          </params>
          <reporter-output>
          </reporter-output>
        </test-method> <!-- initBrowser -->
        <test-method status="PASS" signature="initApp(java.lang.String)[pri:0, instance:com.fcrm.scripts.VerifyImplicitLoginLogout@551aa95a]" name="initApp" is-config="true" duration-ms="12161" started-at="2018-05-26T01:54:35Z" finished-at="2018-05-26T01:54:47Z">
          <params>
            <param index="0">
              <value>
                <![CDATA[Chrome]]>
              </value>
            </param>
          </params>
          <reporter-output>
          </reporter-output>
        </test-method> <!-- initApp -->
        <test-method status="PASS" signature="preCondition(java.lang.reflect.Method)[pri:0, instance:com.fcrm.scripts.VerifyImplicitLoginLogout@551aa95a]" name="preCondition" is-config="true" duration-ms="15" started-at="2018-05-26T01:54:47Z" finished-at="2018-05-26T01:54:47Z">
          <params>
            <param index="0">
              <value>
                <![CDATA[public void com.fcrm.scripts.VerifyImplicitLoginLogout.testImplicitLoginLogout()]]>
              </value>
            </param>
          </params>
          <reporter-output>
          </reporter-output>
        </test-method> <!-- preCondition -->
        <test-method status="PASS" signature="testImplicitLoginLogout()[pri:0, instance:com.fcrm.scripts.VerifyImplicitLoginLogout@551aa95a]" name="testImplicitLoginLogout" duration-ms="18" started-at="2018-05-26T01:54:47Z" finished-at="2018-05-26T01:54:47Z">
          <reporter-output>
            <line>
              <![CDATA[Test Started:testImplicitLoginLogout]]>
            </line>
          </reporter-output>
        </test-method> <!-- testImplicitLoginLogout -->
        <test-method status="PASS" signature="postCondition(org.testng.ITestResult)[pri:0, instance:com.fcrm.scripts.VerifyImplicitLoginLogout@551aa95a]" name="postCondition" is-config="true" duration-ms="5" started-at="2018-05-26T01:54:48Z" finished-at="2018-05-26T01:54:48Z">
          <params>
            <param index="0">
              <value>
                <![CDATA[[TestResult name=testImplicitLoginLogout status=SUCCESS method=VerifyImplicitLoginLogout.testImplicitLoginLogout()[pri:0, instance:com.fcrm.scripts.VerifyImplicitLoginLogout@551aa95a] output=Test Started:testImplicitLoginLogout]]]>
              </value>
            </param>
          </params>
          <reporter-output>
          </reporter-output>
        </test-method> <!-- postCondition -->
        <test-method status="PASS" signature="closeApp()[pri:0, instance:com.fcrm.scripts.VerifyImplicitLoginLogout@551aa95a]" name="closeApp" is-config="true" duration-ms="794" started-at="2018-05-26T01:54:48Z" finished-at="2018-05-26T01:54:49Z">
          <reporter-output>
          </reporter-output>
        </test-method> <!-- closeApp -->
        <test-method status="PASS" signature="closeBrowser(java.lang.String)[pri:0, instance:com.fcrm.scripts.VerifyImplicitLoginLogout@551aa95a]" name="closeBrowser" is-config="true" duration-ms="0" started-at="2018-05-26T01:55:41Z" finished-at="2018-05-26T01:55:41Z">
          <params>
            <param index="0">
              <value>
                <![CDATA[Chrome]]>
              </value>
            </param>
          </params>
          <reporter-output>
          </reporter-output>
        </test-method> <!-- closeBrowser -->
        <test-method status="PASS" signature="closeExtentReport()[pri:0, instance:com.fcrm.scripts.VerifyImplicitLoginLogout@551aa95a]" name="closeExtentReport" is-config="true" duration-ms="655" started-at="2018-05-26T01:55:41Z" finished-at="2018-05-26T01:55:42Z">
          <reporter-output>
          </reporter-output>
        </test-method> <!-- closeExtentReport -->
      </class> <!-- com.fcrm.scripts.VerifyImplicitLoginLogout -->
    </test> <!-- Test -->
  </suite> <!-- Suite -->
</testng-results>
